<?xml version="1.0" encoding="UTF-8"?>
<!-- Generated by org.testng.reporters.JUnitReportReporter -->
<testsuite hostname="DESKTOP-LAN0JE3" failures="0" tests="8" name="Seleniums.Testng3" time="3.778" errors="0" timestamp="2025-06-24T20:47:28 IST" skipped="0">
  <testcase classname="Seleniums.Testng3" name="register" time="2.009"/>
  <testcase classname="Seleniums.Testng3" name="fullname" time="0.631"/>
  <testcase classname="Seleniums.Testng3" name="address" time="0.165"/>
  <testcase classname="Seleniums.Testng3" name="email" time="0.185"/>
  <testcase classname="Seleniums.Testng3" name="phone" time="0.150"/>
  <testcase classname="Seleniums.Testng3" name="gender" time="0.155"/>
  <testcase classname="Seleniums.Testng3" name="hobbies" time="0.093"/>
  <testcase classname="Seleniums.Testng3" name="languages" time="0.390"/>
</testsuite> <!-- Seleniums.Testng3 -->
