<?xml version="1.0" encoding="UTF-8"?>
<!-- Generated by org.testng.reporters.JUnitReportReporter -->
<testsuite hostname="DESKTOP-LAN0JE3" failures="0" tests="3" name="Seleniums.Testng2" time="1.120" errors="0" timestamp="2025-06-24T20:24:47 IST" skipped="0">
  <testcase classname="Seleniums.Testng2" name="signin" time="0.762"/>
  <testcase classname="Seleniums.Testng2" name="email" time="0.263"/>
  <testcase classname="Seleniums.Testng2" name="enter" time="0.095"/>
</testsuite> <!-- Seleniums.Testng2 -->
