<?xml version="1.0" encoding="UTF-8"?>
<!-- Generated by org.testng.reporters.JUnitReportReporter -->
<testsuite hostname="DESKTOP-LAN0JE3" failures="0" tests="2" name="Seleniums.Testng1" time="8.730" errors="0" timestamp="2025-06-24T20:16:03 IST" skipped="0">
  <testcase classname="Seleniums.Testng1" name="login" time="6.980"/>
  <testcase classname="Seleniums.Testng1" name="post" time="1.750"/>
</testsuite> <!-- Seleniums.Testng1 -->
