<?xml version="1.0" encoding="UTF-8"?>
<!-- Generated by org.testng.reporters.JUnitReportReporter -->
<testsuite hostname="DESKTOP-LAN0JE3" failures="0" tests="5" name="Seleniums.kameraexpres" time="28.950" errors="0" timestamp="2025-07-01T14:02:02 IST" skipped="0">
  <testcase classname="Seleniums.kameraexpres" name="url" time="7.727"/>
  <testcase classname="Seleniums.kameraexpres" name="register" time="7.332"/>
  <testcase classname="Seleniums.kameraexpres" name="home" time="4.997"/>
  <testcase classname="Seleniums.kameraexpres" name="camera" time="8.353"/>
  <testcase classname="Seleniums.kameraexpres" name="panasonic" time="0.541"/>
</testsuite> <!-- Seleniums.kameraexpres -->
